[debug] [2022-01-31T06:10:12.134Z] ----------------------------------------------------------------------
[debug] [2022-01-31T06:10:12.137Z] Command:       C:\Program Files\nodejs\node.exe C:\Users\HP\AppData\Roaming\npm\node_modules\firebase-tools\lib\bin\firebase.js init
[debug] [2022-01-31T06:10:12.138Z] CLI Version:   10.0.1
[debug] [2022-01-31T06:10:12.138Z] Platform:      win32
[debug] [2022-01-31T06:10:12.138Z] Node Version:  v16.10.0
[debug] [2022-01-31T06:10:12.139Z] Time:          Mon Jan 31 2022 11:40:12 GMT+0530 (India Standard Time)
[debug] [2022-01-31T06:10:12.140Z] ----------------------------------------------------------------------
[debug] 
[debug] [2022-01-31T06:10:12.143Z] >>> [apiv2][query] GET https://firebase-public.firebaseio.com/cli.json [none]
[debug] [2022-01-31T06:10:12.232Z] > command requires scopes: ["email","openid","https://www.googleapis.com/auth/cloudplatformprojects.readonly","https://www.googleapis.com/auth/firebase","https://www.googleapis.com/auth/cloud-platform"]
[debug] [2022-01-31T06:10:12.232Z] > authorizing via signed-in user (vikastheshit@gmail.com)
[info] 
     ######## #### ########  ######## ########     ###     ######  ########
     ##        ##  ##     ## ##       ##     ##  ##   ##  ##       ##
     ######    ##  ########  ######   ########  #########  ######  ######
     ##        ##  ##    ##  ##       ##     ## ##     ##       ## ##
     ##       #### ##     ## ######## ########  ##     ##  ######  ########

You're about to initialize a Firebase project in this directory:

  D:\Godhavari_Frontend\GodhavariReact

Before we get started, keep in mind:

  * You are initializing within an existing Firebase project directory

[debug] [2022-01-31T06:10:13.088Z] <<< [apiv2][status] GET https://firebase-public.firebaseio.com/cli.json 200
[debug] [2022-01-31T06:10:13.088Z] <<< [apiv2][body] GET https://firebase-public.firebaseio.com/cli.json {"cloudBuildErrorAfter":1594252800000,"cloudBuildWarnAfter":1590019200000,"defaultNode10After":1594252800000,"minVersion":"3.0.5","node8DeploysDisabledAfter":1613390400000,"node8RuntimeDisabledAfter":1615809600000,"node8WarnAfter":1600128000000}
